[INFO] Scanning for projects...
[INFO] 
[INFO] --------------------------< linux.org.ru:lor >--------------------------
[INFO] Building Linux.org.ru 1.0-SNAPSHOT
[INFO] --------------------------------[ war ]---------------------------------
[INFO] Downloading from central: https://repo.maven.apache.org/maven2/org/apache/maven/plugins/maven-antrun-plugin/1.7/maven-antrun-plugin-1.7.pom
[INFO] Downloaded from central: https://repo.maven.apache.org/maven2/org/apache/maven/plugins/maven-antrun-plugin/1.7/maven-antrun-plugin-1.7.pom (4.1 kB at 7.7 kB/s)
[INFO] Downloading from central: https://repo.maven.apache.org/maven2/org/apache/maven/plugins/maven-antrun-plugin/1.7/maven-antrun-plugin-1.7.jar
[INFO] Downloaded from central: https://repo.maven.apache.org/maven2/org/apache/maven/plugins/maven-antrun-plugin/1.7/maven-antrun-plugin-1.7.jar (32 kB at 658 kB/s)
[INFO] Downloading from central: https://repo.maven.apache.org/maven2/org/apache/maven/plugins/maven-surefire-plugin/2.19.1/maven-surefire-plugin-2.19.1.pom
[INFO] Downloaded from central: https://repo.maven.apache.org/maven2/org/apache/maven/plugins/maven-surefire-plugin/2.19.1/maven-surefire-plugin-2.19.1.pom (5.6 kB at 146 kB/s)
[INFO] Downloading from central: https://repo.maven.apache.org/maven2/org/apache/maven/plugins/maven-surefire-plugin/2.19.1/maven-surefire-plugin-2.19.1.jar
[INFO] Downloaded from central: https://repo.maven.apache.org/maven2/org/apache/maven/plugins/maven-surefire-plugin/2.19.1/maven-surefire-plugin-2.19.1.jar (38 kB at 417 kB/s)
[INFO] Downloading from sonatype-releases: https://oss.sonatype.org/content/repositories/releases/org/specs2/specs2-core_2.13/4.5.1/specs2-core_2.13-4.5.1.jar
[INFO] Downloading from sonatype-releases: https://oss.sonatype.org/content/repositories/releases/org/specs2/specs2-matcher_2.13/4.5.1/specs2-matcher_2.13-4.5.1.jar
[INFO] Downloading from sonatype-releases: https://oss.sonatype.org/content/repositories/releases/org/specs2/specs2-fp_2.13/4.5.1/specs2-fp_2.13-4.5.1.jar
[INFO] Downloading from sonatype-releases: https://oss.sonatype.org/content/repositories/releases/org/specs2/specs2-common_2.13/4.5.1/specs2-common_2.13-4.5.1.jar
[INFO] Downloading from sonatype-releases: https://oss.sonatype.org/content/repositories/releases/org/scala-lang/modules/scala-xml_2.13/1.2.0/scala-xml_2.13-1.2.0.jar
[INFO] Downloaded from sonatype-releases: https://oss.sonatype.org/content/repositories/releases/org/scala-lang/modules/scala-xml_2.13/1.2.0/scala-xml_2.13-1.2.0.jar (569 kB at 265 kB/s)
[INFO] Downloading from sonatype-releases: https://oss.sonatype.org/content/repositories/releases/org/scala-sbt/test-interface/1.0/test-interface-1.0.jar
[INFO] Downloaded from sonatype-releases: https://oss.sonatype.org/content/repositories/releases/org/specs2/specs2-fp_2.13/4.5.1/specs2-fp_2.13-4.5.1.jar (222 kB at 87 kB/s)
[INFO] Downloading from sonatype-releases: https://oss.sonatype.org/content/repositories/releases/org/specs2/specs2-junit_2.13/4.5.1/specs2-junit_2.13-4.5.1.jar
[INFO] Downloaded from sonatype-releases: https://oss.sonatype.org/content/repositories/releases/org/scala-sbt/test-interface/1.0/test-interface-1.0.jar (15 kB at 5.0 kB/s)
[INFO] Downloading from sonatype-releases: https://oss.sonatype.org/content/repositories/releases/org/apache/logging/log4j/log4j-slf4j-impl/2.13.3/log4j-slf4j-impl-2.13.3.jar
[INFO] Downloaded from sonatype-releases: https://oss.sonatype.org/content/repositories/releases/org/specs2/specs2-matcher_2.13/4.5.1/specs2-matcher_2.13-4.5.1.jar (1.6 MB at 522 kB/s)
[INFO] Downloading from sonatype-releases: https://oss.sonatype.org/content/repositories/releases/org/mockito/mockito-all/1.9.0/mockito-all-1.9.0.jar
[INFO] Downloaded from sonatype-releases: https://oss.sonatype.org/content/repositories/releases/org/specs2/specs2-core_2.13/4.5.1/specs2-core_2.13-4.5.1.jar (1.4 MB at 433 kB/s)
[INFO] Downloaded from sonatype-releases: https://oss.sonatype.org/content/repositories/releases/org/specs2/specs2-junit_2.13/4.5.1/specs2-junit_2.13-4.5.1.jar (148 kB at 46 kB/s)
[INFO] Downloading from sonatype-releases: https://oss.sonatype.org/content/repositories/releases/com/sun/jersey/jersey-client/1.14/jersey-client-1.14.jar
[INFO] Downloading from sonatype-releases: https://oss.sonatype.org/content/repositories/releases/com/sun/jersey/jersey-core/1.14/jersey-core-1.14.jar
[INFO] Downloaded from sonatype-releases: https://oss.sonatype.org/content/repositories/releases/org/mockito/mockito-all/1.9.0/mockito-all-1.9.0.jar (0 B at 0 B/s)
[INFO] Downloading from sonatype-releases: https://oss.sonatype.org/content/repositories/releases/com/sun/jersey/contribs/jersey-multipart/1.14/jersey-multipart-1.14.jar
[INFO] Downloaded from sonatype-releases: https://oss.sonatype.org/content/repositories/releases/org/apache/logging/log4j/log4j-slf4j-impl/2.13.3/log4j-slf4j-impl-2.13.3.jar (24 kB at 7.0 kB/s)
[INFO] Downloading from sonatype-releases: https://oss.sonatype.org/content/repositories/releases/org/jvnet/mimepull/1.6/mimepull-1.6.jar
[INFO] Downloaded from sonatype-releases: https://oss.sonatype.org/content/repositories/releases/org/specs2/specs2-common_2.13/4.5.1/specs2-common_2.13-4.5.1.jar (2.1 MB at 617 kB/s)
[INFO] Downloaded from sonatype-releases: https://oss.sonatype.org/content/repositories/releases/org/jvnet/mimepull/1.6/mimepull-1.6.jar (39 kB at 10 kB/s)
[INFO] Downloaded from sonatype-releases: https://oss.sonatype.org/content/repositories/releases/com/sun/jersey/jersey-client/1.14/jersey-client-1.14.jar (130 kB at 34 kB/s)
[INFO] Downloaded from sonatype-releases: https://oss.sonatype.org/content/repositories/releases/com/sun/jersey/contribs/jersey-multipart/1.14/jersey-multipart-1.14.jar (52 kB at 14 kB/s)
[INFO] Downloaded from sonatype-releases: https://oss.sonatype.org/content/repositories/releases/com/sun/jersey/jersey-core/1.14/jersey-core-1.14.jar (467 kB at 118 kB/s)
[INFO] 
[INFO] --- maven-dependency-plugin:3.0.0:unpack (unpack) @ lor ---
[INFO] Configured Artifact: org.webjars:jquery-validation:1.17.0:jar
[INFO] Configured Artifact: org.webjars:jquery-form:4.2.1:jar
[INFO] Configured Artifact: org.webjars:google-diff-match-patch:20121119-1:jar
[INFO] Configured Artifact: org.webjars:momentjs:2.24.0:jar
[INFO] Unpacking /home/user/.m2/repository/org/webjars/jquery-validation/1.17.0/jquery-validation-1.17.0.jar to /home/user/projects/lorsource/target/lor-1.0-SNAPSHOT/js with includes "**/*.js" and excludes ""
[INFO] Unpacking /home/user/.m2/repository/org/webjars/jquery-form/4.2.1/jquery-form-4.2.1.jar to /home/user/projects/lorsource/target/lor-1.0-SNAPSHOT/js with includes "**/*.js" and excludes ""
[INFO] Unpacking /home/user/.m2/repository/org/webjars/google-diff-match-patch/20121119-1/google-diff-match-patch-20121119-1.jar to /home/user/projects/lorsource/target/lor-1.0-SNAPSHOT/js with includes "**/*.js" and excludes ""
[INFO] Unpacking /home/user/.m2/repository/org/webjars/momentjs/2.24.0/momentjs-2.24.0.jar to /home/user/projects/lorsource/target/lor-1.0-SNAPSHOT/js with includes "" and excludes ""
[INFO] 
[INFO] --- sass-maven-plugin:3.5.2:update-stylesheets (default) @ lor ---
[INFO] Checked 0 files for /home/user/projects/lorsource/src/main/sass
[INFO] Checked 0 filtered (**/*.css) files for /home/user/projects/lorsource/target/lor-1.0-SNAPSHOT/css
[INFO] Compiling Sass templates
[INFO] Queueing Sass template for compile: /home/user/projects/lorsource/src/main/webapp/sass => /home/user/projects/lorsource/target/lor-1.0-SNAPSHOT
[INFO]     >> /home/user/projects/lorsource/src/main/webapp/sass/black/style.scss => /home/user/projects/lorsource/target/lor-1.0-SNAPSHOT/black/style.css
[INFO]     >> /home/user/projects/lorsource/src/main/webapp/sass/opensans.scss => /home/user/projects/lorsource/target/lor-1.0-SNAPSHOT/opensans.css
[INFO]     >> /home/user/projects/lorsource/src/main/webapp/sass/tango/main.scss => /home/user/projects/lorsource/target/lor-1.0-SNAPSHOT/tango/main.css
[INFO]     >> /home/user/projects/lorsource/src/main/webapp/sass/waltz/style.scss => /home/user/projects/lorsource/target/lor-1.0-SNAPSHOT/waltz/style.css
[INFO]     >> /home/user/projects/lorsource/src/main/webapp/sass/white2/style.scss => /home/user/projects/lorsource/target/lor-1.0-SNAPSHOT/white2/style.css
[INFO]     >> /home/user/projects/lorsource/src/main/webapp/sass/zomg_ponies/style.scss => /home/user/projects/lorsource/target/lor-1.0-SNAPSHOT/zomg_ponies/style.css
[INFO] 
[INFO] --- maven-resources-plugin:2.6:resources (default-resources) @ lor ---
[INFO] Using 'UTF-8' encoding to copy filtered resources.
[INFO] Copying 3 resources
[INFO] 
[INFO] --- scala-maven-plugin:3.3.2:add-source (scala-compile-first) @ lor ---
[INFO] Add Source directory: /home/user/projects/lorsource/src/main/scala
[INFO] Add Test Source directory: /home/user/projects/lorsource/src/test/scala
[INFO] 
[INFO] --- scala-maven-plugin:3.3.2:compile (scala-compile-first) @ lor ---
[WARNING]  Expected all dependencies to require Scala version: 2.13.1
[WARNING]  com.typesafe.akka:akka-actor_2.13:2.6.4 requires scala version: 2.13.1
[WARNING]  org.scala-lang.modules:scala-java8-compat_2.13:0.9.0 requires scala version: 2.13.0
[WARNING] Multiple versions of scala libraries detected!
[INFO] Using incremental compilation
[INFO] 'compiler-interface' not yet compiled for Scala 2.13.1. Compiling...
12 warnings found
[INFO]   Compilation completed in 14.794 s
[INFO] ------------------------------------------------------------------------
[INFO] BUILD FAILURE
[INFO] ------------------------------------------------------------------------
[INFO] Total time:  49.697 s
[INFO] Finished at: 2021-07-20T21:05:19Z
[INFO] ------------------------------------------------------------------------
[ERROR] Failed to execute goal net.alchim31.maven:scala-maven-plugin:3.3.2:compile (scala-compile-first) on project lor: Execution scala-compile-first of goal net.alchim31.maven:scala-maven-plugin:3.3.2:compile failed: Could not create directory /home/user/.zinc/0.3.15/compiler-interface-2.13.1-55.0 -> [Help 1]
[ERROR] 
[ERROR] To see the full stack trace of the errors, re-run Maven with the -e switch.
[ERROR] Re-run Maven using the -X switch to enable full debug logging.
[ERROR] 
[ERROR] For more information about the errors and possible solutions, please read the following articles:
[ERROR] [Help 1] http://cwiki.apache.org/confluence/display/MAVEN/PluginExecutionException
