[INFO] Scanning for projects...
[WARNING] 
[WARNING] Some problems were encountered while building the effective model for org.locationtech.jts.io:jts-io-common:jar:1.18.0-SNAPSHOT
[WARNING] 'build.plugins.plugin.version' for org.apache.maven.plugins:maven-jar-plugin is missing. @ line 15, column 21
[WARNING] 
[WARNING] It is highly recommended to fix these problems because they threaten the stability of your build.
[WARNING] 
[WARNING] For this reason, future Maven versions might no longer support building such malformed projects.
[WARNING] 
[INFO] ------------------------------------------------------------------------
[INFO] Reactor Build Order:
[INFO] 
[INFO] JTS Topology Suite                                                 [pom]
[INFO] org.locationtech.jts:jts-modules                                   [pom]
[INFO] org.locationtech.jts:jts-core                                   [bundle]
[INFO] org.locationtech.jts:jts-io                                        [pom]
[INFO] org.locationtech.jts.io:jts-io-common                              [jar]
[INFO] org.locationtech.jts:jts-example                                   [jar]
[INFO] org.locationtech.jts:jts-tests                                     [jar]
[INFO] org.locationtech.jts:jts-app                                       [jar]
[INFO] org.locationtech.jts:jts-lab                                       [jar]
[INFO] 
[INFO] ----------------------< org.locationtech.jts:jts >----------------------
[INFO] Building JTS Topology Suite 1.18.0-SNAPSHOT                        [1/9]
[INFO] --------------------------------[ pom ]---------------------------------
[INFO] 
[INFO] ------------------< org.locationtech.jts:jts-modules >------------------
[INFO] Building org.locationtech.jts:jts-modules 1.18.0-SNAPSHOT          [2/9]
[INFO] --------------------------------[ pom ]---------------------------------
[INFO] 
[INFO] -------------------< org.locationtech.jts:jts-core >--------------------
[INFO] Building org.locationtech.jts:jts-core 1.18.0-SNAPSHOT             [3/9]
[INFO] -------------------------------[ bundle ]-------------------------------
[INFO] 
[INFO] --- maven-resources-plugin:3.2.0:resources (default-resources) @ jts-core ---
[INFO] Using 'UTF-8' encoding to copy filtered resources.
[INFO] Using 'UTF-8' encoding to copy filtered properties files.
[INFO] skip non existing resourceDirectory /home/user/projects/jts/modules/core/src/main/resources
[INFO] 
[INFO] --- maven-compiler-plugin:3.8.1:compile (default-compile) @ jts-core ---
[INFO] Nothing to compile - all classes are up to date
[INFO] 
[INFO] --- maven-resources-plugin:3.2.0:testResources (default-testResources) @ jts-core ---
[INFO] Using 'UTF-8' encoding to copy filtered resources.
[INFO] Using 'UTF-8' encoding to copy filtered properties files.
[INFO] Copying 11 resources
[INFO] 
[INFO] --- maven-compiler-plugin:3.8.1:testCompile (default-testCompile) @ jts-core ---
[INFO] Changes detected - recompiling the module!
[INFO] Compiling 302 source files to /home/user/projects/jts/modules/core/target/test-classes
[INFO] /home/user/projects/jts/modules/core/src/test/java/test/jts/perf/math/DDExpressionPerf.java: Some input files use or override a deprecated API.
[INFO] /home/user/projects/jts/modules/core/src/test/java/test/jts/perf/math/DDExpressionPerf.java: Recompile with -Xlint:deprecation for details.
[INFO] /home/user/projects/jts/modules/core/src/test/java/test/jts/perf/operation/buffer/DepthSegmentStressTest.java: Some input files use unchecked or unsafe operations.
[INFO] /home/user/projects/jts/modules/core/src/test/java/test/jts/perf/operation/buffer/DepthSegmentStressTest.java: Recompile with -Xlint:unchecked for details.
[INFO] -------------------------------------------------------------
[ERROR] COMPILATION ERROR : 
[INFO] -------------------------------------------------------------
[ERROR] /home/user/projects/jts/modules/core/src/test/java/test/jts/geom/TestSerializable.java:[74,59] cannot find symbol
  symbol:   variable outStream
  location: class test.jts.geom.TestSerializable
[ERROR] /home/user/projects/jts/modules/core/src/test/java/test/jts/geom/TestSerializable.java:[92,57] cannot find symbol
  symbol:   variable stream
  location: class test.jts.geom.TestSerializable
[INFO] 2 errors 
[INFO] -------------------------------------------------------------
[INFO] ------------------------------------------------------------------------
[INFO] Reactor Summary for JTS Topology Suite 1.18.0-SNAPSHOT:
[INFO] 
[INFO] JTS Topology Suite ................................. SUCCESS [  0.089 s]
[INFO] org.locationtech.jts:jts-modules ................... SUCCESS [  0.001 s]
[INFO] org.locationtech.jts:jts-core ...................... FAILURE [  6.106 s]
[INFO] org.locationtech.jts:jts-io ........................ SKIPPED
[INFO] org.locationtech.jts.io:jts-io-common .............. SKIPPED
[INFO] org.locationtech.jts:jts-example ................... SKIPPED
[INFO] org.locationtech.jts:jts-tests ..................... SKIPPED
[INFO] org.locationtech.jts:jts-app ....................... SKIPPED
[INFO] org.locationtech.jts:jts-lab ....................... SKIPPED
[INFO] ------------------------------------------------------------------------
[INFO] BUILD FAILURE
[INFO] ------------------------------------------------------------------------
[INFO] Total time:  7.375 s
[INFO] Finished at: 2021-07-20T13:43:20Z
[INFO] ------------------------------------------------------------------------
[ERROR] Failed to execute goal org.apache.maven.plugins:maven-compiler-plugin:3.8.1:testCompile (default-testCompile) on project jts-core: Compilation failure: Compilation failure: 
[ERROR] /home/user/projects/jts/modules/core/src/test/java/test/jts/geom/TestSerializable.java:[74,59] cannot find symbol
[ERROR]   symbol:   variable outStream
[ERROR]   location: class test.jts.geom.TestSerializable
[ERROR] /home/user/projects/jts/modules/core/src/test/java/test/jts/geom/TestSerializable.java:[92,57] cannot find symbol
[ERROR]   symbol:   variable stream
[ERROR]   location: class test.jts.geom.TestSerializable
[ERROR] -> [Help 1]
[ERROR] 
[ERROR] To see the full stack trace of the errors, re-run Maven with the -e switch.
[ERROR] Re-run Maven using the -X switch to enable full debug logging.
[ERROR] 
[ERROR] For more information about the errors and possible solutions, please read the following articles:
[ERROR] [Help 1] http://cwiki.apache.org/confluence/display/MAVEN/MojoFailureException
[ERROR] 
[ERROR] After correcting the problems, you can resume the build with the command
[ERROR]   mvn <args> -rf :jts-core
